Username:usr2 logged-in 04-06-2019 19:14:47
Username:usr2 Filename:folder11 location:C:\ProgramFiles\ApacheSoftwareFoundation\Tomcat8.5\webapps\dm\users\usr2\\folder11 Directory-Created 04-06-2019 19:14:52
Username:usr2 Filename:create.txt location:C:\\ProgramFiles\\ApacheSoftwareFoundation\\Tomcat8.5\\webapps\\dm\\users\\usr2\\folder11\\create.txt File-Created 04-06-2019 19:14:56
Username:usr2 Filename:create.txt location:C:\\ProgramFiles\\ApacheSoftwareFoundation\\Tomcat8.5\\webapps\\dm\\users\\usr2\\folder11\\create.txt file-opened 04-06-2019 19:15:08
Username:usr2 Filename:create.txt location:C:\\ProgramFiles\\ApacheSoftwareFoundation\\Tomcat8.5\\webapps\\dm\\users\\usr2\\folder11\\create.txt file-saved 04-06-2019 19:15:14
Username:usr2 Filename:create.txt location:C:\\ProgramFiles\\ApacheSoftwareFoundation\\Tomcat8.5\\webapps\\dm\\users\\usr2\\folder11\\create.txt file-opened 04-06-2019 19:15:15
Username:usr2 Filename:folder1 location:C:\ProgramFiles\ApacheSoftwareFoundation\Tomcat8.5\webapps\dm\users\usr2\\folder1 Directory-Created 04-06-2019 19:15:30
Username:usr2 Filename:folder111 location:C:\\ProgramFiles\\ApacheSoftwareFoundation\\Tomcat8.5\\webapps\\dm\\users\\usr2\\folder1\\folder111 Directory-Created 04-06-2019 19:15:35
Username:usr2 Filename:abc.txt location:C:\\ProgramFiles\\ApacheSoftwareFoundation\\Tomcat8.5\\webapps\\dm\\users\\usr2\\folder1\\folder111\\abc.txt File-Created 04-06-2019 19:15:39
Username:usr2 Filename:abc.txt location:C:\\ProgramFiles\\ApacheSoftwareFoundation\\Tomcat8.5\\webapps\\dm\\users\\usr2\\folder1\\folder111\\abc.txt file-opened 04-06-2019 19:15:40
Username:usr2 Filename:abc.txt location:C:\\ProgramFiles\\ApacheSoftwareFoundation\\Tomcat8.5\\webapps\\dm\\users\\usr2\\folder1\\folder111\\abc.txt file-saved 04-06-2019 19:15:42
Username:usr2 Filename:folder1 location:C:\ProgramFiles\ApacheSoftwareFoundation\Tomcat8.5\webapps\dm\users\usr2\folder1 Directory-Deleted 04-06-2019 19:15:56
Username:usr2 Filename:folder1 location:C:\ProgramFiles\ApacheSoftwareFoundation\Tomcat8.5\webapps\dm\users\usr2\folder1 Directory-Deleted 04-06-2019 19:15:59
Username:usr2 Filename:folder1 location:C:\ProgramFiles\ApacheSoftwareFoundation\Tomcat8.5\webapps\dm\users\usr2\\folder1 Directory-Created 04-06-2019 19:16:03
Username:usr2 Filename:folder111 location:C:\\ProgramFiles\\ApacheSoftwareFoundation\\Tomcat8.5\\webapps\\dm\\users\\usr2\\folder11\\folder111 Directory-Created 04-06-2019 19:16:09
Username:usr2 Filename:folder1 location:C:\ProgramFiles\ApacheSoftwareFoundation\Tomcat8.5\webapps\dm\users\usr2\folder1 Directory-Deleted 04-06-2019 19:16:14
Username:usr2 Filename:folder11 location:C:\ProgramFiles\ApacheSoftwareFoundation\Tomcat8.5\webapps\dm\users\usr2\folder11 Directory-Deleted 04-06-2019 19:16:16
Username:usr2 Filename:folder1 location:C:\ProgramFiles\ApacheSoftwareFoundation\Tomcat8.5\webapps\dm\users\usr2\\folder1 Directory-Created 04-06-2019 19:16:21
Username:usr2 Filename:folder11 location:C:\\ProgramFiles\\ApacheSoftwareFoundation\\Tomcat8.5\\webapps\\dm\\users\\usr2\\folder1\\folder11 Directory-Created 04-06-2019 19:16:25
Username:usr2 Filename:folder1 location:C:\ProgramFiles\ApacheSoftwareFoundation\Tomcat8.5\webapps\dm\users\usr2\folder1 Directory-Deleted 04-06-2019 19:16:27
Username:usr2 Filename:folder1 location:C:\ProgramFiles\ApacheSoftwareFoundation\Tomcat8.5\webapps\dm\users\usr2\\folder1 Directory-Created 04-06-2019 19:16:32
Username:usr2 Filename:folder11 location:C:\\ProgramFiles\\ApacheSoftwareFoundation\\Tomcat8.5\\webapps\\dm\\users\\usr2\\folder1\\folder11 Directory-Created 04-06-2019 19:16:36
Username:usr2 Filename:folder111 location:C:\\ProgramFiles\\ApacheSoftwareFoundation\\Tomcat8.5\\webapps\\dm\\users\\usr2\\folder1\\folder11\\folder111 Directory-Created 04-06-2019 19:16:40
Username:usr2 Filename:filecreated.txt location:C:\\ProgramFiles\\ApacheSoftwareFoundation\\Tomcat8.5\\webapps\\dm\\users\\usr2\\folder1\\folder11\\folder111\\filecreated.txt File-Created 04-06-2019 19:16:43
Username:usr2 Filename:folder1 location:C:\ProgramFiles\ApacheSoftwareFoundation\Tomcat8.5\webapps\dm\users\usr2\folder1 Directory-Deleted 04-06-2019 19:16:46
Username:usr2 Filename:abc.txt location:C:\ProgramFiles\ApacheSoftwareFoundation\Tomcat8.5\webapps\dm\users\usr2\\abc.txt File-Created 04-06-2019 19:17:22
Username:usr2 Filename:abc.txt location:C:\\ProgramFiles\\ApacheSoftwareFoundation\\Tomcat8.5\\webapps\\dm\\users\\usr2\\abc.txt file-opened 04-06-2019 19:17:24
Username:usr2 Filename:abc.txt location:C:\\ProgramFiles\\ApacheSoftwareFoundation\\Tomcat8.5\\webapps\\dm\\users\\usr2\\abc.txt file-saved 04-06-2019 19:17:28
Username:usr2 Filename:abc.txt location:C:\\ProgramFiles\\ApacheSoftwareFoundation\\Tomcat8.5\\webapps\\dm\\users\\usr2\\abc.txt file-opened 04-06-2019 19:17:28
Username:usr2 logged-out 04-06-2019 19:17:29
Username:usr1 logged-in 04-06-2019 19:17:35
Username:usr1 logged-out 04-06-2019 19:17:38
Username:usr2 logged-in 04-06-2019 19:17:40
Username:usr2 Filename:abc.txt location:C:\\ProgramFiles\\ApacheSoftwareFoundation\\Tomcat8.5\\webapps\\dm\\users\\usr2\\abc.txt file-sent Receivername:usr1 Accessmode:write 04-06-2019 19:17:45
Username:usr1 Filename:abc.txt location:C:\ProgramFiles\ApacheSoftwareFoundation\Tomcat8.5\webapps\dm\users\usr1\\received-files\\abc.txt file-received Sendername:usr2 Accessmode:write 04-06-2019 19:17:45
Username:usr2 logged-out 04-06-2019 19:17:47
Username:usr1 logged-in 04-06-2019 19:17:50
Username:usr2 Filename:abc.txt location:C:\\ProgramFiles\\ApacheSoftwareFoundation\\Tomcat8.5\\webapps\\dm\\users\\usr2\\abc.txt shared-file-opened Receivername:usr1 Accessmode:write 04-06-2019 19:17:51
Username:usr1 Filename:abc.txt location:C:\\ProgramFiles\\ApacheSoftwareFoundation\\Tomcat8.5\\webapps\\dm\\users\\usr1\\received-files\\abc.txt file-opened Sendername:usr2 Accessmode:write 04-06-2019 19:17:51
Username:usr2 Filename:abc.txt location:C:\\ProgramFiles\\ApacheSoftwareFoundation\\Tomcat8.5\\webapps\\dm\\users\\usr2\\abc.txt shared-file-saved Receivername:usr1 Accessmode:write 04-06-2019 19:17:54
Username:usr1 Filename:abc.txt location:C:\ProgramFiles\ApacheSoftwareFoundation\Tomcat8.5\webapps\dm\users\usr1\\received-files\\abc.txt file-saved SenderName:usr2 Accessmode:write 04-06-2019 19:17:54
Username:usr1 logged-out 04-06-2019 19:18:00
Username:usr2 logged-in 04-06-2019 19:18:03
Username:usr2 Filename:abc.txt location:C:\\ProgramFiles\\ApacheSoftwareFoundation\\Tomcat8.5\\webapps\\dm\\users\\usr2\\abc.txt file-opened 04-06-2019 19:18:06
Username:usr2 logged-out 04-06-2019 19:18:13
Username:usr2 logged-in 04-06-2019 19:18:24
Username:usr2 Filename:abc.txt location:C:\\ProgramFiles\\ApacheSoftwareFoundation\\Tomcat8.5\\webapps\\dm\\users\\usr2\\abc.txt file-sent Receivername:usr3 Accessmode:readonly 04-06-2019 19:18:29
Username:usr3 Filename:abc.txt location:C:\ProgramFiles\ApacheSoftwareFoundation\Tomcat8.5\webapps\dm\users\usr3\\received-files\\abc.txt file-received Sendername:usr2 Accessmode:readonly 04-06-2019 19:18:29
Username:usr2 logged-out 04-06-2019 19:18:32
Username:usr3 logged-in 04-06-2019 19:18:35
Username:usr2 Filename:abc.txt location:C:\\ProgramFiles\\ApacheSoftwareFoundation\\Tomcat8.5\\webapps\\dm\\users\\usr2\\abc.txt shared-file-opened Receivername:usr3 Accessmode:readonly 04-06-2019 19:18:39
Username:usr3 Filename:abc.txt location:C:\\ProgramFiles\\ApacheSoftwareFoundation\\Tomcat8.5\\webapps\\dm\\users\\usr3\\received-files\\abc.txt file-opened Sendername:usr2 Accessmode:readonly 04-06-2019 19:18:39
Username:usr2 Filename:abc.txt location:C:\\ProgramFiles\\ApacheSoftwareFoundation\\Tomcat8.5\\webapps\\dm\\users\\usr2\\abc.txt shared-file-opened Receivername:usr3 Accessmode:readonly 04-06-2019 19:18:42
Username:usr3 Filename:abc.txt location:C:\\ProgramFiles\\ApacheSoftwareFoundation\\Tomcat8.5\\webapps\\dm\\users\\usr3\\received-files\\abc.txt file-opened Sendername:usr2 Accessmode:readonly 04-06-2019 19:18:42
Username:usr3 logged-out 04-06-2019 19:18:46
Username:usr2 logged-in 04-06-2019 19:18:49
Username:usr2 Filename:abc.txt location:C:\\ProgramFiles\\ApacheSoftwareFoundation\\Tomcat8.5\\webapps\\dm\\users\\usr2\\abc.txt file-opened 04-06-2019 19:18:50
Username:usr2 Filename:abc.txt location:C:\\ProgramFiles\\ApacheSoftwareFoundation\\Tomcat8.5\\webapps\\dm\\users\\usr2\\abc.txt File-Deleted 04-06-2019 19:18:53
Username:usr2 logged-out 04-06-2019 19:18:54
Username:usr3 logged-in 04-06-2019 19:18:59
Username:usr2 Filename:abc.txt location:C:\\ProgramFiles\\ApacheSoftwareFoundation\\Tomcat8.5\\webapps\\dm\\users\\usr2\\abc.txt shared-file-opened Receivername:usr3 Accessmode:readonly 04-06-2019 19:19:00
Username:usr3 Filename:abc.txt location:C:\\ProgramFiles\\ApacheSoftwareFoundation\\Tomcat8.5\\webapps\\dm\\users\\usr3\\received-files\\abc.txt file-opened Sendername:usr2 Accessmode:readonly 04-06-2019 19:19:00
Username:usr3 logged-out 04-06-2019 19:19:05
Username:usr1 logged-in 04-06-2019 19:19:07
Username:usr2 Filename:abc.txt location:C:\\ProgramFiles\\ApacheSoftwareFoundation\\Tomcat8.5\\webapps\\dm\\users\\usr2\\abc.txt shared-file-opened Receivername:usr1 Accessmode:write 04-06-2019 19:19:09
Username:usr1 Filename:abc.txt location:C:\\ProgramFiles\\ApacheSoftwareFoundation\\Tomcat8.5\\webapps\\dm\\users\\usr1\\received-files\\abc.txt file-opened Sendername:usr2 Accessmode:write 04-06-2019 19:19:09
Username:usr1 logged-out 04-06-2019 19:19:10
Username:usr1 logged-in 04-06-2019 20:53:44
Username:usr1 Filename:abc.txt location:C:\Users\Administrator\Desktop\javatrav\new\usr1\\abc.txt File-Created 04-06-2019 20:53:48
Username:usr2 logged-in 04-06-2019 20:55:31
Username:usr2 Filename:folder11 location:C:\Users\Administrator\Desktop\javatrav\new\usr2\\folder11 Directory-Created 04-06-2019 20:55:37
Username:usr1 logged-in 04-06-2019 20:57:14
Username:usr1 Filename:create.txt location:C:\Users\Administrator\Desktop\javatrav\new\usr1\\create.txt File-Created 04-06-2019 20:57:17
Username:usr1 logged-in 04-06-2019 20:57:38
Username:usr1 Filename:filecreated.txt location:C:\Users\Administrator\Desktop\javatrav\new\usr1\\filecreated.txt File-Created 04-06-2019 20:57:57
Username:usr1 logged-in 04-06-2019 20:58:15
Username:usr1 Filename:filecreated.txt location:C:\Users\Administrator\Desktop\javatrav\new\usr1\\filecreated.txt File-Created 04-06-2019 21:02:02
Username:usr1 logged-in 04-06-2019 21:04:46
Username:usr1 Filename:create.txt location:C:\ProgramFiles\ApacheSoftwareFoundation\Tomcat8.5\webapps\dm\users\usr1\\create.txt File-Created 04-06-2019 21:04:50
Username:usr1 logged-in 04-06-2019 21:05:24
Username:usr1 logged-in 04-06-2019 21:05:26
Username:usr1 Filename:create.txt location:C:\\Users\\Administrator\\Desktop\\javatrav\\new\\usr1\\create.txt File-Deleted 04-06-2019 21:05:38
Username:usr1 Filename:abc.txt location:C:\\Users\\Administrator\\Desktop\\javatrav\\new\\usr1\\abc.txt File-Deleted 04-06-2019 21:05:39
Username:usr1 Filename:filecreated.txt location:C:\\Users\\Administrator\\Desktop\\javatrav\\new\\usr1\\filecreated.txt File-Deleted 04-06-2019 21:05:40
Username:usr1 logged-in 04-06-2019 21:05:49
Username:usr1 logged-in 04-06-2019 21:05:51
Username:usr1 Filename:filecreated.txt location:C:\ProgramFiles\ApacheSoftwareFoundation\Tomcat8.5\webapps\dm\users\usr1\\filecreated.txt File-Created 04-06-2019 21:05:57
Username:usr1 logged-in 04-06-2019 21:06:05
Username:usr1 logged-in 04-06-2019 21:08:54
Username:usr1 Filename:dkfjd.txt location:C:\ProgramFiles\ApacheSoftwareFoundation\Tomcat8.5\webapps\dm\users\usr1\\dkfjd.txt File-Created 04-06-2019 21:09:03
Username:usr1 logged-in 04-06-2019 21:09:05
Username:usr1 logged-in 04-06-2019 21:09:11
Username:sachin logged-in 04-06-2019 21:11:23
Username:sachin Filename:create.txt location:C:\ProgramFiles\ApacheSoftwareFoundation\Tomcat8.5\webapps\dm\users\sachin\\create.txt File-Created 04-06-2019 21:11:29
Username:usr1 logged-in 04-06-2019 21:16:51
Username:usr1 Filename:create.txt location:C:\\ProgramFiles\\ApacheSoftwareFoundation\\Tomcat8.5\\webapps\\dm\\users\\usr1\\create.txt File-Deleted 04-06-2019 21:16:56
Username:usr1 Filename:dkfjd.txt location:C:\\ProgramFiles\\ApacheSoftwareFoundation\\Tomcat8.5\\webapps\\dm\\users\\usr1\\dkfjd.txt File-Deleted 04-06-2019 21:16:57
Username:usr1 Filename:filecreated.txt location:C:\\ProgramFiles\\ApacheSoftwareFoundation\\Tomcat8.5\\webapps\\dm\\users\\usr1\\filecreated.txt File-Deleted 04-06-2019 21:16:57
Username:usr1 Filename:abcde.txt location:C:\ProgramFiles\ApacheSoftwareFoundation\Tomcat8.5\webapps\dm\users\usr1\\abcde.txt File-Created 04-06-2019 21:17:06
Username:usr1 logged-out 04-06-2019 21:18:28
Username:elon logged-in 04-06-2019 21:18:38
Username:elon Filename:filecreated.txt location:C:\ProgramFiles\ApacheSoftwareFoundation\Tomcat8.5\webapps\dm\users\elon\\filecreated.txt File-Created 04-06-2019 21:18:42
Username:elon logged-in 04-06-2019 21:19:02
